Example/unityLibrary/build/intermediates/manifest_merge_blame_file/debug/manifest-merger-blame-debug-report.txt
1<?xml version="1.0" encoding="utf-8"?>
2<manifest xmlns:android="http://schemas.android.com/apk/res/android"
3    xmlns:tools="http://schemas.android.com/tools"
4    package="com.unity3d.player" >
5
6    <uses-sdk
7        android:minSdkVersion="22"
7-->src/main/AndroidManifest.xml
8        android:targetSdkVersion="34" />
8-->src/main/AndroidManifest.xml
9
10    <uses-permission android:name="android.permission.INTERNET" />
10-->src/main/AndroidManifest.xml:3:3-65
10-->src/main/AndroidManifest.xml:3:20-62
11
12    <uses-feature android:glEsVersion="0x00030000" />
12-->src/main/AndroidManifest.xml:4:3-52
12-->src/main/AndroidManifest.xml:4:17-49
13    <uses-feature
13-->src/main/AndroidManifest.xml:5:3-91
14        android:name="android.hardware.vulkan.version"
14-->src/main/AndroidManifest.xml:5:17-63
15        android:required="false" />
15-->src/main/AndroidManifest.xml:5:64-88
16    <uses-feature
16-->src/main/AndroidManifest.xml:6:3-88
17        android:name="android.hardware.touchscreen"
17-->src/main/AndroidManifest.xml:6:17-60
18        android:required="false" />
18-->src/main/AndroidManifest.xml:6:61-85
19    <uses-feature
19-->src/main/AndroidManifest.xml:7:3-99
20        android:name="android.hardware.touchscreen.multitouch"
20-->src/main/AndroidManifest.xml:7:17-71
21        android:required="false" />
21-->src/main/AndroidManifest.xml:7:72-96
22    <uses-feature
22-->src/main/AndroidManifest.xml:8:3-108
23        android:name="android.hardware.touchscreen.multitouch.distinct"
23-->src/main/AndroidManifest.xml:8:17-80
24        android:required="false" />
24-->src/main/AndroidManifest.xml:8:81-105
25
26    <uses-permission android:name="android.permission.INTERNET" />
26-->src/main/AndroidManifest.xml:3:3-65
26-->src/main/AndroidManifest.xml:3:20-62
27    <uses-permission android:name="android.permission.ACCESS_NETWORK_STATE" />
27-->src/main/AndroidManifest.xml:13:3-77
27-->src/main/AndroidManifest.xml:13:20-74
28
29    <application
29-->src/main/AndroidManifest.xml:15:3-44:17
30        android:name="com.unity3d.player.UnityApplication"
30-->src/main/AndroidManifest.xml:15:49-81
31        android:extractNativeLibs="true" >
31-->src/main/AndroidManifest.xml:15:16-48
32        <meta-data
32-->src/main/AndroidManifest.xml:16:5-69
33            android:name="unity.splash-mode"
33-->src/main/AndroidManifest.xml:16:16-48
34            android:value="0" />
34-->src/main/AndroidManifest.xml:16:49-66
35        <meta-data
35-->src/main/AndroidManifest.xml:17:5-74
36            android:name="unity.splash-enable"
36-->src/main/AndroidManifest.xml:17:16-50
37            android:value="True" />
37-->src/main/AndroidManifest.xml:17:51-71
38        <meta-data
38-->src/main/AndroidManifest.xml:18:5-78
39            android:name="unity.launch-fullscreen"
39-->src/main/AndroidManifest.xml:18:16-54
40            android:value="True" />
40-->src/main/AndroidManifest.xml:18:55-75
41        <meta-data
41-->src/main/AndroidManifest.xml:19:5-84
42            android:name="unity.allow-resizable-window"
42-->src/main/AndroidManifest.xml:19:16-59
43            android:value="False" />
43-->src/main/AndroidManifest.xml:19:60-81
44        <meta-data
44-->src/main/AndroidManifest.xml:20:5-81
45            android:name="notch.config"
45-->src/main/AndroidManifest.xml:20:16-43
46            android:value="portrait|landscape" />
46-->src/main/AndroidManifest.xml:20:44-78
47        <meta-data
47-->src/main/AndroidManifest.xml:21:5-84
48            android:name="unity.auto-report-fully-drawn"
48-->src/main/AndroidManifest.xml:21:16-60
49            android:value="true" />
49-->src/main/AndroidManifest.xml:21:61-81
50
51        <activity
51-->src/main/AndroidManifest.xml:22:5-32:16
52            android:name="com.unity3d.player.UnityPlayerActivity"
52-->src/main/AndroidManifest.xml:22:15-68
53            android:configChanges="mcc|mnc|locale|touchscreen|keyboard|keyboardHidden|navigation|orientation|screenLayout|uiMode|screenSize|smallestScreenSize|fontScale|layoutDirection|density"
53-->src/main/AndroidManifest.xml:23:9-190
54            android:exported="true"
54-->src/main/AndroidManifest.xml:25:79-102
55            android:hardwareAccelerated="true"
55-->src/main/AndroidManifest.xml:25:44-78
56            android:resizeableActivity="false"
56-->src/main/AndroidManifest.xml:25:9-43
57            android:screenOrientation="portrait"
57-->src/main/AndroidManifest.xml:22:111-147
58            android:theme="@style/UnityThemeSelector" >
58-->src/main/AndroidManifest.xml:22:69-110
59            <intent-filter>
59-->src/main/AndroidManifest.xml:26:7-29:23
60                <category android:name="android.intent.category.LAUNCHER" />
60-->src/main/AndroidManifest.xml:27:9-69
60-->src/main/AndroidManifest.xml:27:19-66
61
62                <action android:name="android.intent.action.MAIN" />
62-->src/main/AndroidManifest.xml:28:9-61
62-->src/main/AndroidManifest.xml:28:17-58
63            </intent-filter>
64
65            <meta-data
65-->src/main/AndroidManifest.xml:30:7-82
66                android:name="unityplayer.UnityActivity"
66-->src/main/AndroidManifest.xml:30:18-58
67                android:value="true" />
67-->src/main/AndroidManifest.xml:30:59-79
68            <meta-data
68-->src/main/AndroidManifest.xml:31:7-70
69                android:name="notch_support"
69-->src/main/AndroidManifest.xml:31:18-46
70                android:value="true" />
70-->src/main/AndroidManifest.xml:31:47-67
71        </activity>
72        <activity
72-->src/main/AndroidManifest.xml:35:5-38:47
73            android:name="com.vungle.ads.internal.ui.VungleActivity"
73-->src/main/AndroidManifest.xml:36:9-65
74            android:configChanges="keyboardHidden|orientation|screenSize|screenLayout|uiMode"
74-->src/main/AndroidManifest.xml:37:9-90
75            android:hardwareAccelerated="true" />
75-->src/main/AndroidManifest.xml:38:9-43
76
77        <provider
77-->src/main/AndroidManifest.xml:40:5-43:36
78            android:name="com.vungle.ads.internal.util.VungleProvider"
78-->src/main/AndroidManifest.xml:41:9-67
79            android:authorities="${applicationId}.vungle-provider"
79-->src/main/AndroidManifest.xml:42:9-63
80            android:exported="false" />
80-->src/main/AndroidManifest.xml:43:9-33
81    </application>
82
83</manifest>